<?xml version="1.0" encoding="UTF-8"?>
<!-- Generated by org.testng.reporters.JUnitXMLReporter -->
<testsuite ignored="0" hostname="LPT1150" failures="1" tests="1" name="Test2" time="14.74" errors="0" timestamp="2026-05-12T20:34:53 IST">
  <testcase classname="textscripts.HomeTest" name="verifyUserIsAbleToLogOut" time="0.005">
    <failure type="java.lang.NullPointerException" message="Cannot invoke &amp;quot;java.io.InputStream.markSupported()&amp;quot; because &amp;quot;stream&amp;quot; is null">
      <![CDATA[java.lang.NullPointerException: Cannot invoke "java.io.InputStream.markSupported()" because "stream" is null
at org.apache.poi.poifs.filesystem.FileMagic.prepareToCheckMagic(FileMagic.java:222)
at org.apache.poi.openxml4j.opc.internal.ZipHelper.openZipStream(ZipHelper.java:174)
at org.apache.poi.openxml4j.opc.ZipPackage.<init>(ZipPackage.java:130)
at org.apache.poi.openxml4j.opc.OPCPackage.open(OPCPackage.java:319)
at org.apache.poi.ooxml.util.PackageHelper.open(PackageHelper.java:59)
at org.apache.poi.xssf.usermodel.XSSFWorkbook.<init>(XSSFWorkbook.java:290)
at org.apache.poi.xssf.usermodel.XSSFWorkbook.<init>(XSSFWorkbook.java:286)
at utilities.ExcelUtility.readStringData(ExcelUtility.java:21)
at textscripts.HomeTest.verifyUserIsAbleToLogOut(HomeTest.java:18)
at java.base/java.util.concurrent.Executors$RunnableAdapter.call(Executors.java:572)
at java.base/java.util.concurrent.FutureTask.run(FutureTask.java:317)
at java.base/java.util.concurrent.ThreadPoolExecutor.runWorker(ThreadPoolExecutor.java:1144)
at java.base/java.util.concurrent.ThreadPoolExecutor$Worker.run(ThreadPoolExecutor.java:642)
at java.base/java.lang.Thread.run(Thread.java:1583)
... Removed 11 stack frames]]>
    </failure>
  </testcase> <!-- verifyUserIsAbleToLogOut -->
</testsuite> <!-- Test2 -->
