<?xml version="1.0" encoding="UTF-8"?>
<!-- Generated by org.testng.reporters.JUnitXMLReporter -->
<testsuite ignored="2" hostname="LPT1150" failures="1" tests="3" name="Test" time="26.025" errors="0" timestamp="2026-05-12T20:23:42 IST">
  <testcase classname="textscripts.LoginTest" name="verifyLoginWithValidCredentials" time="0.364">
    <failure type="java.lang.NullPointerException" message="Cannot invoke &amp;quot;java.io.InputStream.markSupported()&amp;quot; because &amp;quot;stream&amp;quot; is null">
      <![CDATA[java.lang.NullPointerException: Cannot invoke "java.io.InputStream.markSupported()" because "stream" is null
at org.apache.poi.poifs.filesystem.FileMagic.prepareToCheckMagic(FileMagic.java:222)
at org.apache.poi.openxml4j.opc.internal.ZipHelper.openZipStream(ZipHelper.java:174)
at org.apache.poi.openxml4j.opc.ZipPackage.<init>(ZipPackage.java:130)
at org.apache.poi.openxml4j.opc.OPCPackage.open(OPCPackage.java:319)
at org.apache.poi.ooxml.util.PackageHelper.open(PackageHelper.java:59)
at org.apache.poi.xssf.usermodel.XSSFWorkbook.<init>(XSSFWorkbook.java:290)
at org.apache.poi.xssf.usermodel.XSSFWorkbook.<init>(XSSFWorkbook.java:286)
at utilities.ExcelUtility.readStringData(ExcelUtility.java:21)
at textscripts.LoginTest.verifyLoginWithValidCredentials(LoginTest.java:19)
at java.base/java.util.ArrayList.forEach(ArrayList.java:1596)
... Removed 25 stack frames]]>
    </failure>
  </testcase> <!-- verifyLoginWithValidCredentials -->
  <testcase classname="textscripts.LoginTest" name="verifyLoginWithInvalidCredentials" time="1.588"/>
  <testcase classname="textscripts.LoginTest" name="verifyLoginWithInvalidCredentials" time="1.359"/>
  <testcase classname="textscripts.LoginTest" name="verifyUserLoginWithInvalidUserName" time="0.0">
    <ignored/>
  </testcase> <!-- verifyUserLoginWithInvalidUserName -->
  <testcase classname="textscripts.LoginTest" name="verifyLoginWithInvalidPassword" time="0.0">
    <ignored/>
  </testcase> <!-- verifyLoginWithInvalidPassword -->
</testsuite> <!-- Test -->
