<?xml version="1.0" encoding="UTF-8"?>
<testng-results ignored="0" total="2" passed="2" failed="0" skipped="0">
  <reporter-output>
  </reporter-output>
  <suite started-at="2026-05-13T11:38:26 IST" name="Suite" finished-at="2026-05-13T11:38:36 IST" duration-ms="10111">
    <groups>
    </groups>
    <test started-at="2026-05-13T11:38:26 IST" name="Test" finished-at="2026-05-13T11:38:36 IST" duration-ms="10111">
      <class name="textscripts.AdminUsersTest">
        <test-method is-config="true" signature="initializeBrowser(java.lang.String)[pri:0, instance:textscripts.AdminUsersTest@69ee81fc]" started-at="2026-05-13T11:38:26 IST" name="initializeBrowser" finished-at="2026-05-13T11:38:28 IST" duration-ms="2421" status="PASS">
          <params>
            <param index="0">
              <value>
                <![CDATA[Chrome]]>
              </value>
            </param>
          </params>
          <reporter-output>
          </reporter-output>
        </test-method> <!-- initializeBrowser -->
        <test-method signature="verifyAdditionOfNewAdminUser()[pri:0, instance:textscripts.AdminUsersTest@69ee81fc]" started-at="2026-05-13T11:38:28 IST" name="verifyAdditionOfNewAdminUser" description="user is trying to add new admin user" finished-at="2026-05-13T11:38:32 IST" duration-ms="3693" status="PASS">
          <reporter-output>
          </reporter-output>
        </test-method> <!-- verifyAdditionOfNewAdminUser -->
        <test-method is-config="true" signature="driverQuit(org.testng.ITestResult)[pri:0, instance:textscripts.AdminUsersTest@69ee81fc]" started-at="2026-05-13T11:38:32 IST" name="driverQuit" finished-at="2026-05-13T11:38:32 IST" duration-ms="0" status="PASS">
          <params>
            <param index="0">
              <value>
                <![CDATA[[TestResult name=verifyAdditionOfNewAdminUser status=SUCCESS method=AdminUsersTest.verifyAdditionOfNewAdminUser()[pri:0, instance:textscripts.AdminUsersTest@69ee81fc] output={null}]]]>
              </value>
            </param>
          </params>
          <reporter-output>
          </reporter-output>
        </test-method> <!-- driverQuit -->
        <test-method is-config="true" signature="initializeBrowser(java.lang.String)[pri:0, instance:textscripts.AdminUsersTest@69ee81fc]" started-at="2026-05-13T11:38:32 IST" name="initializeBrowser" finished-at="2026-05-13T11:38:34 IST" duration-ms="1977" status="PASS">
          <params>
            <param index="0">
              <value>
                <![CDATA[Chrome]]>
              </value>
            </param>
          </params>
          <reporter-output>
          </reporter-output>
        </test-method> <!-- initializeBrowser -->
        <test-method signature="verifyAdminUserSearch()[pri:0, instance:textscripts.AdminUsersTest@69ee81fc]" started-at="2026-05-13T11:38:34 IST" name="verifyAdminUserSearch" description="user is trying to search admin users" finished-at="2026-05-13T11:38:36 IST" duration-ms="1967" status="PASS">
          <reporter-output>
          </reporter-output>
        </test-method> <!-- verifyAdminUserSearch -->
        <test-method is-config="true" signature="driverQuit(org.testng.ITestResult)[pri:0, instance:textscripts.AdminUsersTest@69ee81fc]" started-at="2026-05-13T11:38:36 IST" name="driverQuit" finished-at="2026-05-13T11:38:36 IST" duration-ms="1" status="PASS">
          <params>
            <param index="0">
              <value>
                <![CDATA[[TestResult name=verifyAdminUserSearch status=SUCCESS method=AdminUsersTest.verifyAdminUserSearch()[pri:0, instance:textscripts.AdminUsersTest@69ee81fc] output={null}]]]>
              </value>
            </param>
          </params>
          <reporter-output>
          </reporter-output>
        </test-method> <!-- driverQuit -->
      </class> <!-- textscripts.AdminUsersTest -->
    </test> <!-- Test -->
  </suite> <!-- Suite -->
</testng-results>
