<?xml version="1.0" encoding="UTF-8"?>
<!-- Generated by org.testng.reporters.JUnitXMLReporter -->
<testsuite ignored="0" hostname="LPT1150" failures="0" tests="1" name="Test" time="0.071" errors="0" timestamp="2026-05-12T20:13:53 IST">
  <testcase classname="mainprojectcore.MainProjectBase" name="@BeforeMethod initializeBrowser" time="-1.778597033215E9">
    <failure type="org.testng.TestNGException" message="
Can inject only one of &amp;lt;ITestContext, XmlTest, Method, Object[], ITestResult&amp;gt; into a @BeforeMethod annotated initializeBrowser.
For more information on native dependency injection please refer to https://testng.org/#_dependency_injection">
      <![CDATA[org.testng.TestNGException: 
Can inject only one of <ITestContext, XmlTest, Method, Object[], ITestResult> into a @BeforeMethod annotated initializeBrowser.
For more information on native dependency injection please refer to https://testng.org/#_dependency_injection
at java.base/java.util.ArrayList.forEach(ArrayList.java:1596)
... Removed 32 stack frames]]>
    </failure>
  </testcase> <!-- @BeforeMethod initializeBrowser -->
  <testcase classname="textscripts.HomeTest" name="verifyUserIsAbleToLogOut" time="0.0">
    <skipped/>
  </testcase> <!-- verifyUserIsAbleToLogOut -->
</testsuite> <!-- Test -->
